v ATLAS
# This file was created by ATLAS version 5.28.1.R on Thu Feb 12 16:46:19 2026.
#SSF 2.0 generic
##############################################################################
#                    Copyright (c) 1984 - 2019                               #
#                    Silvaco Inc. All rights reserved                        #
#                                                                            #
# This file format and the following Key are copyright Silvaco Inc.          #
# You may not use, this format or key without reproducing this message in    #
# full and obtaining express written permission from Silvaco Inc.            #
#                                                                            #
# To obtain such permission please contact: Silvaco Inc.                     #
#                                           support@silvaco.com              #
#                                                                            #
# KEY=SVC86hn7562asdx                       PROD=345                         #
##############################################################################
y 3 700 711 15
z 0 1e+041 300
f 3 "source" "drain" "gate" 
p 9 2 601 20 3 602 21 4 603 22 
d 0.000000000e+000 0.000000000e+000 3.491298417e-009 -6.000000000e-001 -6.000000000e-001 -3.491298417e-009 0.000000000e+000 0.000000000e+000 0.000000000e+000 
d 0.000000000e+000 0.000000000e+000 3.494947087e-009 -6.000000000e-001 -6.000000000e-001 -3.494947087e-009 0.000000000e+000 0.000000000e+000 0.000000000e+000 
d 0.000000000e+000 0.000000000e+000 9.111566713e-008 -6.000000000e-001 -6.000000000e-001 -9.111566713e-008 -1.000000000e-001 -1.000000000e-001 0.000000000e+000 
d 0.000000000e+000 0.000000000e+000 9.291369723e-007 -6.000000000e-001 -6.000000000e-001 -9.291369723e-007 -2.000000000e-001 -2.000000000e-001 0.000000000e+000 
d 0.000000000e+000 0.000000000e+000 3.110754965e-006 -6.000000000e-001 -6.000000000e-001 -3.110754965e-006 -3.000000000e-001 -3.000000000e-001 0.000000000e+000 
d 0.000000000e+000 0.000000000e+000 5.956943540e-006 -6.000000000e-001 -6.000000000e-001 -5.956943540e-006 -4.000000000e-001 -4.000000000e-001 0.000000000e+000 
d 0.000000000e+000 0.000000000e+000 8.974473612e-006 -6.000000000e-001 -6.000000000e-001 -8.974473612e-006 -5.000000000e-001 -5.000000000e-001 0.000000000e+000 
d 0.000000000e+000 0.000000000e+000 1.210286261e-005 -6.000000000e-001 -6.000000000e-001 -1.210286261e-005 -6.000000000e-001 -6.000000000e-001 0.000000000e+000 
